TN:
SF:src/App.tsx
FN:8,(anonymous_0)
FN:9,(anonymous_1)
FN:10,(anonymous_2)
FN:11,(anonymous_3)
FN:12,(anonymous_4)
FN:13,(anonymous_5)
FN:14,(anonymous_6)
FN:15,(anonymous_7)
FN:16,(anonymous_8)
FN:17,(anonymous_9)
FN:18,(anonymous_10)
FN:19,(anonymous_11)
FN:21,PageFallback
FN:26,Page
FN:36,AdminPage
FN:46,App
FNF:16
FNH:0
FNDA:0,(anonymous_0)
FNDA:0,(anonymous_1)
FNDA:0,(anonymous_2)
FNDA:0,(anonymous_3)
FNDA:0,(anonymous_4)
FNDA:0,(anonymous_5)
FNDA:0,(anonymous_6)
FNDA:0,(anonymous_7)
FNDA:0,(anonymous_8)
FNDA:0,(anonymous_9)
FNDA:0,(anonymous_10)
FNDA:0,(anonymous_11)
FNDA:0,PageFallback
FNDA:0,Page
FNDA:0,AdminPage
FNDA:0,App
DA:8,0
DA:9,0
DA:10,0
DA:11,0
DA:12,0
DA:13,0
DA:14,0
DA:15,0
DA:16,0
DA:17,0
DA:18,0
DA:19,0
DA:22,0
DA:27,0
DA:37,0
DA:47,0
LF:16
LH:0
BRF:0
BRH:0
end_of_record
TN:
SF:src/api/client.ts
FN:27,getAuthHeaders
FN:45,shouldRetry
FN:47,(anonymous_2)
FN:50,delay
FN:51,(anonymous_4)
FN:56,request
FN:86,(anonymous_6)
FN:315,(anonymous_7)
FN:322,(anonymous_8)
FN:323,(anonymous_9)
FN:324,(anonymous_10)
FN:325,(anonymous_11)
FN:327,(anonymous_12)
FN:332,(anonymous_13)
FN:339,(anonymous_14)
FN:340,(anonymous_15)
FN:344,(anonymous_16)
FN:345,(anonymous_17)
FN:346,(anonymous_18)
FN:347,(anonymous_19)
FN:348,(anonymous_20)
FN:350,(anonymous_21)
FN:351,(anonymous_22)
FN:368,(anonymous_23)
FN:369,(anonymous_24)
FN:370,(anonymous_25)
FN:371,(anonymous_26)
FN:376,(anonymous_27)
FN:380,(anonymous_28)
FN:381,(anonymous_29)
FN:388,(anonymous_30)
FN:389,(anonymous_31)
FN:393,(anonymous_32)
FN:395,(anonymous_33)
FN:397,(anonymous_34)
FN:442,(anonymous_35)
FN:447,(anonymous_36)
FN:449,(anonymous_37)
FN:454,(anonymous_38)
FN:458,(anonymous_39)
FN:460,(anonymous_40)
FN:462,(anonymous_41)
FN:466,(anonymous_42)
FN:470,(anonymous_43)
FN:472,(anonymous_44)
FN:476,(anonymous_45)
FN:477,(anonymous_46)
FN:478,(anonymous_47)
FN:480,(anonymous_48)
FN:482,(anonymous_49)
FN:483,(anonymous_50)
FN:484,(anonymous_51)
FN:485,(anonymous_52)
FN:486,(anonymous_53)
FN:487,(anonymous_54)
FN:488,(anonymous_55)
FNF:56
FNH:0
FNDA:0,getAuthHeaders
FNDA:0,shouldRetry
FNDA:0,(anonymous_2)
FNDA:0,delay
FNDA:0,(anonymous_4)
FNDA:0,request
FNDA:0,(anonymous_6)
FNDA:0,(anonymous_7)
FNDA:0,(anonymous_8)
FNDA:0,(anonymous_9)
FNDA:0,(anonymous_10)
FNDA:0,(anonymous_11)
FNDA:0,(anonymous_12)
FNDA:0,(anonymous_13)
FNDA:0,(anonymous_14)
FNDA:0,(anonymous_15)
FNDA:0,(anonymous_16)
FNDA:0,(anonymous_17)
FNDA:0,(anonymous_18)
FNDA:0,(anonymous_19)
FNDA:0,(anonymous_20)
FNDA:0,(anonymous_21)
FNDA:0,(anonymous_22)
FNDA:0,(anonymous_23)
FNDA:0,(anonymous_24)
FNDA:0,(anonymous_25)
FNDA:0,(anonymous_26)
FNDA:0,(anonymous_27)
FNDA:0,(anonymous_28)
FNDA:0,(anonymous_29)
FNDA:0,(anonymous_30)
FNDA:0,(anonymous_31)
FNDA:0,(anonymous_32)
FNDA:0,(anonymous_33)
FNDA:0,(anonymous_34)
FNDA:0,(anonymous_35)
FNDA:0,(anonymous_36)
FNDA:0,(anonymous_37)
FNDA:0,(anonymous_38)
FNDA:0,(anonymous_39)
FNDA:0,(anonymous_40)
FNDA:0,(anonymous_41)
FNDA:0,(anonymous_42)
FNDA:0,(anonymous_43)
FNDA:0,(anonymous_44)
FNDA:0,(anonymous_45)
FNDA:0,(anonymous_46)
FNDA:0,(anonymous_47)
FNDA:0,(anonymous_48)
FNDA:0,(anonymous_49)
FNDA:0,(anonymous_50)
FNDA:0,(anonymous_51)
FNDA:0,(anonymous_52)
FNDA:0,(anonymous_53)
FNDA:0,(anonymous_54)
FNDA:0,(anonymous_55)
DA:22,0
DA:25,0
DA:28,0
DA:29,0
DA:30,0
DA:35,0
DA:40,0
DA:41,0
DA:42,0
DA:43,0
DA:46,0
DA:47,0
DA:51,0
DA:59,0
DA:60,0
DA:61,0
DA:70,0
DA:72,0
DA:73,0
DA:74,0
DA:75,0
DA:77,0
DA:78,0
DA:79,0
DA:80,0
DA:81,0
DA:82,0
DA:83,0
DA:86,0
DA:87,0
DA:90,0
DA:93,0
DA:94,0
DA:95,0
DA:99,0
DA:100,0
DA:101,0
DA:102,0
DA:105,0
DA:108,0
DA:109,0
DA:112,0
DA:113,0
DA:114,0
DA:115,0
DA:116,0
DA:120,0
DA:121,0
DA:122,0
DA:123,0
DA:124,0
DA:130,0
DA:134,0
DA:135,0
DA:136,0
DA:137,0
DA:146,0
DA:314,0
DA:316,0
DA:317,0
DA:318,0
DA:319,0
DA:320,0
DA:322,0
DA:323,0
DA:324,0
DA:326,0
DA:328,0
DA:331,0
DA:333,0
DA:334,0
DA:335,0
DA:336,0
DA:337,0
DA:339,0
DA:340,0
DA:343,0
DA:344,0
DA:345,0
DA:346,0
DA:347,0
DA:349,0
DA:350,0
DA:351,0
DA:367,0
DA:368,0
DA:369,0
DA:370,0
DA:372,0
DA:375,0
DA:376,0
DA:379,0
DA:380,0
DA:382,0
DA:383,0
DA:384,0
DA:385,0
DA:386,0
DA:388,0
DA:389,0
DA:392,0
DA:394,0
DA:396,0
DA:398,0
DA:440,0
DA:443,0
DA:444,0
DA:447,0
DA:450,0
DA:453,0
DA:455,0
DA:456,0
DA:459,0
DA:461,0
DA:462,0
DA:465,0
DA:467,0
DA:468,0
DA:471,0
DA:472,0
DA:475,0
DA:476,0
DA:477,0
DA:479,0
DA:481,0
DA:482,0
DA:483,0
DA:484,0
DA:485,0
DA:486,0
DA:487,0
DA:488,0
LF:132
LH:0
BRDA:22,0,0,0
BRDA:22,0,1,0
BRDA:30,1,0,0
BRDA:30,1,1,0
BRDA:46,2,0,0
BRDA:46,2,1,0
BRDA:70,3,0,0
BRDA:70,3,1,0
BRDA:79,4,0,0
BRDA:79,4,1,0
BRDA:80,5,0,0
BRDA:80,5,1,0
BRDA:81,6,0,0
BRDA:81,6,1,0
BRDA:82,7,0,0
BRDA:82,7,1,0
BRDA:83,8,0,0
BRDA:83,8,1,0
BRDA:87,9,0,0
BRDA:87,9,1,0
BRDA:93,10,0,0
BRDA:93,10,1,0
BRDA:93,11,0,0
BRDA:93,11,1,0
BRDA:99,12,0,0
BRDA:99,12,1,0
BRDA:99,13,0,0
BRDA:99,13,1,0
BRDA:99,13,2,0
BRDA:108,14,0,0
BRDA:108,14,1,0
BRDA:113,15,0,0
BRDA:113,15,1,0
BRDA:113,16,0,0
BRDA:113,16,1,0
BRDA:113,16,2,0
BRDA:120,17,0,0
BRDA:120,17,1,0
BRDA:121,18,0,0
BRDA:121,18,1,0
BRDA:121,19,0,0
BRDA:121,19,1,0
BRDA:123,20,0,0
BRDA:123,20,1,0
BRDA:128,21,0,0
BRDA:128,21,1,0
BRDA:134,22,0,0
BRDA:134,22,1,0
BRDA:135,23,0,0
BRDA:135,23,1,0
BRDA:138,24,0,0
BRDA:138,24,1,0
BRDA:146,25,0,0
BRDA:146,25,1,0
BRDA:149,26,0,0
BRDA:149,26,1,0
BRDA:317,27,0,0
BRDA:317,27,1,0
BRDA:318,28,0,0
BRDA:318,28,1,0
BRDA:320,29,0,0
BRDA:320,29,1,0
BRDA:327,30,0,0
BRDA:334,31,0,0
BRDA:334,31,1,0
BRDA:335,32,0,0
BRDA:335,32,1,0
BRDA:337,33,0,0
BRDA:337,33,1,0
BRDA:383,34,0,0
BRDA:383,34,1,0
BRDA:384,35,0,0
BRDA:384,35,1,0
BRDA:386,36,0,0
BRDA:386,36,1,0
BRDA:388,37,0,0
BRDA:389,38,0,0
BRDA:393,39,0,0
BRDA:443,40,0,0
BRDA:443,40,1,0
BRDA:455,41,0,0
BRDA:455,41,1,0
BRDA:467,42,0,0
BRDA:467,42,1,0
BRF:84
BRH:0
end_of_record
TN:
SF:src/components/AsyncWrapper.tsx
FN:11,Loading
FN:31,Empty
FN:59,ErrorState
FNF:3
FNH:3
FNDA:3,Loading
FNDA:4,Empty
FNDA:4,ErrorState
DA:12,3
DA:37,4
DA:64,4
LF:3
LH:3
BRDA:11,0,0,3
BRDA:11,1,0,3
BRDA:33,2,0,4
BRDA:34,3,0,4
BRDA:41,4,0,4
BRDA:41,4,1,4
BRDA:44,5,0,4
BRDA:44,5,1,1
BRDA:45,6,0,4
BRDA:45,6,1,1
BRDA:60,7,0,4
BRDA:71,8,0,4
BRDA:71,8,1,1
BRDA:72,9,0,4
BRDA:72,9,1,1
BRF:15
BRH:15
end_of_record
TN:
SF:src/components/AutocompleteIngrediente.tsx
FN:17,AutocompleteIngrediente
FN:34,(anonymous_1)
FN:39,(anonymous_2)
FN:40,(anonymous_3)
FN:49,(anonymous_4)
FN:51,(anonymous_5)
FN:58,(anonymous_6)
FN:60,(anonymous_7)
FN:61,(anonymous_8)
FN:63,(anonymous_9)
FN:64,(anonymous_10)
FN:65,(anonymous_11)
FNF:12
FNH:6
FNDA:7,AutocompleteIngrediente
FNDA:2,(anonymous_1)
FNDA:2,(anonymous_2)
FNDA:2,(anonymous_3)
FNDA:2,(anonymous_4)
FNDA:1,(anonymous_5)
FNDA:0,(anonymous_6)
FNDA:0,(anonymous_7)
FNDA:0,(anonymous_8)
FNDA:0,(anonymous_9)
FNDA:0,(anonymous_10)
FNDA:0,(anonymous_11)
DA:26,7
DA:36,2
DA:37,2
DA:38,1
DA:39,2
DA:40,2
DA:47,1
DA:48,1
DA:49,2
DA:51,1
DA:60,0
DA:61,0
DA:62,0
DA:64,0
DA:65,0
DA:66,0
LF:16
LH:10
BRDA:24,0,0,7
BRDA:49,1,0,2
BRDA:49,1,1,2
BRDA:62,2,0,0
BRDA:62,2,1,0
BRDA:66,3,0,0
BRDA:66,3,1,0
BRF:7
BRH:3
end_of_record
TN:
SF:src/components/AutocompleteInput.tsx
FN:32,AutocompleteInput
FN:54,(anonymous_1)
FN:78,(anonymous_2)
FN:80,(anonymous_3)
FN:81,(anonymous_4)
FN:84,(anonymous_5)
FN:92,(anonymous_6)
FN:96,(anonymous_7)
FN:99,(anonymous_8)
FN:110,(anonymous_9)
FN:117,(anonymous_10)
FN:133,(anonymous_11)
FN:135,(anonymous_12)
FN:136,(anonymous_13)
FN:136,(anonymous_14)
FN:172,(anonymous_15)
FN:175,(anonymous_16)
FN:176,(anonymous_17)
FNF:18
FNH:16
FNDA:137,AutocompleteInput
FNDA:16,(anonymous_1)
FNDA:119,(anonymous_2)
FNDA:16,(anonymous_3)
FNDA:119,(anonymous_4)
FNDA:1,(anonymous_5)
FNDA:89,(anonymous_6)
FNDA:0,(anonymous_7)
FNDA:0,(anonymous_8)
FNDA:30,(anonymous_9)
FNDA:1,(anonymous_10)
FNDA:88,(anonymous_11)
FNDA:15,(anonymous_12)
FNDA:2,(anonymous_13)
FNDA:2,(anonymous_14)
FNDA:18,(anonymous_15)
FNDA:1,(anonymous_16)
FNDA:1,(anonymous_17)
DA:44,137
DA:45,137
DA:46,137
DA:47,137
DA:48,137
DA:49,137
DA:50,137
DA:51,137
DA:52,137
DA:54,137
DA:55,16
DA:56,4
DA:57,4
DA:58,4
DA:59,4
DA:61,12
DA:62,12
DA:63,12
DA:64,12
DA:65,10
DA:66,10
DA:67,16
DA:68,16
DA:70,1
DA:71,1
DA:72,1
DA:74,11
DA:78,137
DA:79,119
DA:80,119
DA:81,119
DA:84,137
DA:85,1
DA:86,1
DA:87,1
DA:88,1
DA:89,1
DA:92,137
DA:93,89
DA:94,1
DA:95,0
DA:96,0
DA:97,1
DA:98,0
DA:99,0
DA:100,1
DA:101,0
DA:102,0
DA:103,1
DA:104,1
DA:105,1
DA:110,137
DA:111,30
DA:112,1
DA:113,1
DA:117,137
DA:118,1
DA:119,1
DA:120,1
DA:121,1
DA:122,1
DA:125,137
DA:133,88
DA:135,15
DA:136,2
DA:173,18
DA:175,1
DA:176,1
LF:68
LH:62
BRDA:33,0,0,137
BRDA:36,1,0,137
BRDA:38,2,0,137
BRDA:39,3,0,137
BRDA:40,4,0,137
BRDA:41,5,0,137
BRDA:55,6,0,4
BRDA:55,6,1,12
BRDA:66,7,0,10
BRDA:66,7,1,1
BRDA:79,8,0,90
BRDA:79,8,1,29
BRDA:81,9,0,119
BRDA:81,9,1,0
BRDA:93,10,0,88
BRDA:93,10,1,1
BRDA:94,11,0,0
BRDA:94,11,1,1
BRDA:96,12,0,0
BRDA:96,12,1,0
BRDA:97,13,0,0
BRDA:97,13,1,1
BRDA:99,14,0,0
BRDA:99,14,1,0
BRDA:100,15,0,0
BRDA:100,15,1,1
BRDA:100,16,0,1
BRDA:100,16,1,0
BRDA:103,17,0,1
BRDA:103,17,1,0
BRDA:111,18,0,1
BRDA:111,18,1,29
BRDA:111,19,0,30
BRDA:111,19,1,1
BRDA:135,20,0,0
BRDA:135,20,1,15
BRDA:141,21,0,3
BRDA:141,21,1,134
BRDA:145,22,0,137
BRDA:145,22,1,107
BRDA:157,23,0,137
BRDA:157,23,1,3
BRDA:160,24,0,137
BRDA:160,24,1,1
BRDA:167,25,0,137
BRDA:167,25,1,11
BRDA:167,25,2,10
BRDA:178,26,0,1
BRDA:178,26,1,17
BRDA:179,27,0,8
BRDA:179,27,1,10
BRDA:182,28,0,18
BRDA:182,28,1,18
BRDA:190,29,0,137
BRDA:190,29,1,13
BRDA:190,29,2,1
BRDA:190,29,3,1
BRDA:190,29,4,1
BRF:58
BRH:47
end_of_record
TN:
SF:src/components/AutocompleteProduto.tsx
FN:17,AutocompleteProduto
FN:34,(anonymous_1)
FN:38,(anonymous_2)
FN:39,(anonymous_3)
FN:49,(anonymous_4)
FN:51,(anonymous_5)
FN:60,(anonymous_6)
FN:62,(anonymous_7)
FN:63,(anonymous_8)
FN:65,(anonymous_9)
FN:66,(anonymous_10)
FN:67,(anonymous_11)
FNF:12
FNH:6
FNDA:7,AutocompleteProduto
FNDA:2,(anonymous_1)
FNDA:2,(anonymous_2)
FNDA:2,(anonymous_3)
FNDA:2,(anonymous_4)
FNDA:1,(anonymous_5)
FNDA:0,(anonymous_6)
FNDA:0,(anonymous_7)
FNDA:0,(anonymous_8)
FNDA:0,(anonymous_9)
FNDA:0,(anonymous_10)
FNDA:0,(anonymous_11)
DA:26,7
DA:35,2
DA:36,2
DA:37,1
DA:38,2
DA:39,2
DA:47,1
DA:48,1
DA:49,2
DA:51,1
DA:62,0
DA:63,0
DA:64,0
DA:66,0
DA:67,0
DA:68,0
LF:16
LH:10
BRDA:24,0,0,7
BRDA:42,1,0,2
BRDA:42,1,1,0
BRDA:44,2,0,0
BRDA:44,2,1,0
BRDA:49,3,0,2
BRDA:49,3,1,2
BRDA:54,4,0,1
BRDA:54,4,1,0
BRDA:56,5,0,0
BRDA:56,5,1,0
BRDA:64,6,0,0
BRDA:64,6,1,0
BRDA:68,7,0,0
BRDA:68,7,1,0
BRF:15
BRH:5
end_of_record
TN:
SF:src/components/ErrorBoundary.tsx
FN:22,constructor
FN:27,getDerivedStateFromError
FN:31,componentDidCatch
FN:36,(anonymous_3)
FN:40,render
FN:67,(anonymous_5)
FNF:6
FNH:5
FNDA:14,constructor
FNDA:1,getDerivedStateFromError
FNDA:6,componentDidCatch
FNDA:1,(anonymous_3)
FNDA:26,render
FNDA:0,(anonymous_5)
DA:23,14
DA:24,14
DA:28,12
DA:32,6
DA:33,6
DA:36,1
DA:37,1
DA:41,26
DA:42,12
DA:43,2
DA:46,10
DA:67,0
DA:91,14
LF:13
LH:12
BRDA:41,0,0,12
BRDA:41,0,1,14
BRDA:42,1,0,2
BRDA:42,1,1,10
BRDA:74,2,0,10
BRDA:74,2,1,10
BRDA:74,2,2,10
BRF:7
BRH:7
end_of_record
TN:
SF:src/components/EstoqueChart.tsx
FN:6,EstoqueChart
FN:9,(anonymous_1)
FN:14,(anonymous_2)
FN:15,(anonymous_3)
FN:20,(anonymous_4)
FN:35,(anonymous_5)
FNF:6
FNH:6
FNDA:8,EstoqueChart
FNDA:4,(anonymous_1)
FNDA:13,(anonymous_2)
FNDA:3,(anonymous_3)
FNDA:6,(anonymous_4)
FNDA:6,(anonymous_5)
DA:7,8
DA:9,8
DA:10,4
DA:13,8
DA:14,13
DA:15,3
DA:18,8
DA:20,6
DA:22,3
DA:36,6
DA:37,6
DA:38,6
DA:39,6
DA:41,6
LF:14
LH:14
BRDA:14,0,0,13
BRDA:14,0,1,9
BRDA:18,1,0,5
BRDA:18,1,1,3
BRDA:46,2,0,6
BRDA:46,2,1,3
BRDA:49,3,0,3
BRDA:49,3,1,3
BRDA:67,4,0,3
BRDA:67,4,1,3
BRDA:69,5,0,0
BRDA:69,5,1,3
BRF:12
BRH:11
end_of_record
TN:
SF:src/components/Layout.tsx
FN:30,Layout
FN:36,(anonymous_1)
FN:41,(anonymous_2)
FN:52,(anonymous_3)
FN:74,(anonymous_4)
FN:83,(anonymous_5)
FN:88,(anonymous_6)
FN:106,(anonymous_7)
FN:110,(anonymous_8)
FN:131,(anonymous_9)
FN:148,(anonymous_10)
FN:173,(anonymous_11)
FN:178,(anonymous_12)
FNF:13
FNH:9
FNDA:7,Layout
FNDA:7,(anonymous_1)
FNDA:7,(anonymous_2)
FNDA:0,(anonymous_3)
FNDA:0,(anonymous_4)
FNDA:35,(anonymous_5)
FNDA:35,(anonymous_6)
FNDA:14,(anonymous_7)
FNDA:14,(anonymous_8)
FNDA:0,(anonymous_9)
FNDA:0,(anonymous_10)
FNDA:35,(anonymous_11)
FNDA:35,(anonymous_12)
DA:17,1
DA:25,1
DA:31,7
DA:32,7
DA:33,7
DA:34,7
DA:36,7
DA:37,7
DA:41,7
DA:42,7
DA:45,7
DA:52,0
DA:74,0
DA:84,35
DA:89,35
DA:107,14
DA:111,14
DA:131,0
DA:148,0
DA:174,35
DA:179,35
LF:21
LH:17
BRDA:49,0,0,7
BRDA:49,0,1,0
BRDA:62,1,0,0
BRDA:62,1,1,7
BRDA:90,2,0,0
BRDA:90,2,1,35
BRDA:112,3,0,0
BRDA:112,3,1,14
BRDA:180,4,0,0
BRDA:180,4,1,35
BRF:10
BRH:5
end_of_record
TN:
SF:src/components/MensalChart.tsx
FN:4,(anonymous_0)
FN:5,(anonymous_1)
FN:11,MensalChart
FN:20,(anonymous_3)
FN:31,(anonymous_4)
FN:33,(anonymous_5)
FNF:6
FNH:3
FNDA:0,(anonymous_0)
FNDA:3,(anonymous_1)
FNDA:3,MensalChart
FNDA:3,(anonymous_3)
FNDA:0,(anonymous_4)
FNDA:0,(anonymous_5)
DA:4,1
DA:5,1
DA:6,3
DA:7,3
DA:8,3
DA:12,3
DA:13,1
DA:20,3
DA:25,2
DA:31,0
DA:33,0
LF:11
LH:9
BRDA:12,0,0,1
BRDA:12,0,1,2
BRF:2
BRH:2
end_of_record
TN:
SF:src/components/NotificationBell.tsx
FN:7,NotificationBell
FN:14,(anonymous_1)
FN:25,(anonymous_2)
FN:28,(anonymous_3)
FN:32,(anonymous_4)
FN:34,handleClick
FN:40,(anonymous_6)
FN:43,(anonymous_7)
FN:45,(anonymous_8)
FN:47,(anonymous_9)
FN:47,(anonymous_10)
FN:48,(anonymous_11)
FN:52,(anonymous_12)
FN:56,(anonymous_13)
FN:66,(anonymous_14)
FN:75,(anonymous_15)
FN:88,(anonymous_16)
FN:128,(anonymous_17)
FN:140,(anonymous_18)
FNF:19
FNH:11
FNDA:13,NotificationBell
FNDA:5,(anonymous_1)
FNDA:5,(anonymous_2)
FNDA:5,(anonymous_3)
FNDA:8,(anonymous_4)
FNDA:0,handleClick
FNDA:3,(anonymous_6)
FNDA:0,(anonymous_7)
FNDA:0,(anonymous_8)
FNDA:0,(anonymous_9)
FNDA:0,(anonymous_10)
FNDA:0,(anonymous_11)
FNDA:0,(anonymous_12)
FNDA:1,(anonymous_13)
FNDA:4,(anonymous_14)
FNDA:4,(anonymous_15)
FNDA:3,(anonymous_16)
FNDA:4,(anonymous_17)
FNDA:0,(anonymous_18)
DA:5,1
DA:8,13
DA:9,13
DA:10,13
DA:11,13
DA:12,13
DA:14,13
DA:15,5
DA:16,5
DA:17,5
DA:18,5
DA:25,13
DA:26,5
DA:27,5
DA:28,5
DA:32,13
DA:33,8
DA:35,0
DA:36,0
DA:39,3
DA:40,3
DA:43,13
DA:44,0
DA:45,0
DA:46,0
DA:47,0
DA:48,0
DA:52,0
DA:56,13
DA:57,1
DA:58,1
DA:59,1
DA:60,1
DA:66,13
DA:67,4
DA:68,2
DA:69,0
DA:70,2
DA:71,0
DA:75,13
DA:76,4
DA:77,4
DA:78,4
DA:79,4
DA:80,2
DA:81,2
DA:82,0
DA:85,13
DA:88,3
DA:129,4
DA:140,0
LF:51
LH:39
BRDA:33,0,0,5
BRDA:33,0,1,3
BRDA:35,1,0,0
BRDA:35,1,1,0
BRDA:35,2,0,0
BRDA:35,2,1,0
BRDA:67,3,0,2
BRDA:67,3,1,0
BRDA:67,3,2,2
BRDA:67,3,3,0
BRDA:79,4,0,2
BRDA:79,4,1,2
BRDA:80,5,0,0
BRDA:80,5,1,2
BRDA:81,6,0,2
BRDA:81,6,1,0
BRDA:92,7,0,4
BRDA:92,7,1,9
BRDA:96,8,0,0
BRDA:96,8,1,4
BRDA:104,9,0,13
BRDA:104,9,1,6
BRDA:109,10,0,6
BRDA:109,10,1,2
BRDA:122,11,0,4
BRDA:122,11,1,2
BRDA:145,12,0,0
BRDA:145,12,1,4
BRF:28
BRH:18
end_of_record
TN:
SF:src/components/OnlineStatus.tsx
FN:4,OnlineStatus
FN:7,(anonymous_1)
FN:8,(anonymous_2)
FN:9,(anonymous_3)
FN:13,(anonymous_4)
FNF:5
FNH:5
FNDA:6,OnlineStatus
FNDA:4,(anonymous_1)
FNDA:1,(anonymous_2)
FNDA:1,(anonymous_3)
FNDA:4,(anonymous_4)
DA:5,6
DA:7,6
DA:8,4
DA:9,4
DA:11,4
DA:12,4
DA:13,4
DA:14,4
DA:15,4
DA:19,6
DA:21,3
LF:11
LH:11
BRDA:19,0,0,3
BRDA:19,0,1,3
BRF:2
BRH:2
end_of_record
TN:
SF:src/components/PageHeader.tsx
FN:12,PageHeader
FN:20,(anonymous_1)
FNF:2
FNH:1
FNDA:6,PageHeader
FNDA:0,(anonymous_1)
DA:13,6
DA:15,6
DA:20,0
LF:3
LH:2
BRDA:18,0,0,6
BRDA:18,0,1,1
BRDA:27,1,0,6
BRDA:27,1,1,1
BRDA:34,2,0,6
BRDA:34,2,1,1
BRDA:37,3,0,6
BRDA:37,3,1,1
BRF:8
BRH:8
end_of_record
TN:
SF:src/components/ProtectedRoute.tsx
FN:8,ProtectedRoute
FNF:1
FNH:0
FNDA:0,ProtectedRoute
DA:9,0
DA:10,0
DA:12,0
DA:14,0
DA:17,0
LF:5
LH:0
BRDA:12,0,0,0
BRDA:12,0,1,0
BRF:2
BRH:0
end_of_record
TN:
SF:src/components/PwaInstallPrompt.tsx
FN:9,PwaInstallPrompt
FN:12,(anonymous_1)
FN:13,(anonymous_2)
FN:22,(anonymous_3)
FN:25,(anonymous_4)
FN:36,(anonymous_5)
FNF:6
FNH:5
FNDA:8,PwaInstallPrompt
FNDA:4,(anonymous_1)
FNDA:3,(anonymous_2)
FNDA:4,(anonymous_3)
FNDA:0,(anonymous_4)
FNDA:1,(anonymous_5)
DA:10,8
DA:11,8
DA:12,8
DA:13,4
DA:14,3
DA:15,3
DA:16,3
DA:17,2
DA:21,4
DA:22,4
DA:25,8
DA:26,0
DA:27,0
DA:28,0
DA:29,0
DA:30,0
DA:31,0
DA:33,0
DA:36,8
DA:37,1
DA:38,1
DA:41,8
DA:43,2
LF:23
LH:16
BRDA:16,0,0,2
BRDA:16,0,1,1
BRDA:26,1,0,0
BRDA:26,1,1,0
BRDA:29,2,0,0
BRDA:29,2,1,0
BRDA:41,3,0,6
BRDA:41,3,1,2
BRF:8
BRH:4
end_of_record
TN:
SF:src/components/SyncStatus.tsx
FN:5,SyncStatus
FN:10,(anonymous_1)
FN:13,(anonymous_2)
FN:18,(anonymous_3)
FN:25,(anonymous_4)
FN:28,(anonymous_5)
FN:34,(anonymous_6)
FNF:7
FNH:4
FNDA:6,SyncStatus
FNDA:3,(anonymous_1)
FNDA:3,(anonymous_2)
FNDA:1,(anonymous_3)
FNDA:0,(anonymous_4)
FNDA:0,(anonymous_5)
FNDA:0,(anonymous_6)
DA:6,6
DA:7,6
DA:8,6
DA:10,6
DA:11,3
DA:12,3
DA:13,3
DA:16,6
DA:18,3
DA:19,1
DA:20,1
DA:21,1
DA:22,1
DA:23,1
DA:24,1
DA:25,1
DA:26,0
DA:27,0
DA:28,0
DA:30,0
DA:33,0
DA:34,0
DA:36,1
DA:40,3
DA:45,6
DA:49,6
DA:54,6
LF:27
LH:21
BRDA:16,0,0,3
BRDA:16,0,1,3
BRDA:16,1,0,6
BRDA:16,1,1,3
BRDA:23,2,0,1
BRDA:23,2,1,0
BRDA:26,3,0,0
BRDA:26,3,1,0
BRDA:40,4,0,1
BRDA:40,4,1,2
BRDA:41,5,0,0
BRDA:41,5,1,2
BRDA:42,6,0,0
BRDA:42,6,1,2
BRDA:45,7,0,0
BRDA:45,7,1,3
BRDA:46,8,0,0
BRDA:46,8,1,3
BRDA:49,9,0,1
BRDA:49,9,1,2
BRDA:50,10,0,0
BRDA:50,10,1,2
BRDA:51,11,0,0
BRDA:51,11,1,2
BRDA:52,12,0,2
BRDA:52,12,1,0
BRF:26
BRH:16
end_of_record
TN:
SF:src/components/ThemeToggle.tsx
FN:6,getInitialTheme
FN:14,ThemeToggle
FN:17,(anonymous_2)
FN:28,(anonymous_3)
FN:30,(anonymous_4)
FN:36,(anonymous_5)
FN:41,(anonymous_6)
FN:41,(anonymous_7)
FN:56,useTheme
FN:59,(anonymous_9)
FN:61,(anonymous_10)
FN:65,(anonymous_11)
FNF:12
FNH:10
FNDA:5,getInitialTheme
FNDA:7,ThemeToggle
FNDA:7,(anonymous_2)
FNDA:4,(anonymous_3)
FNDA:0,(anonymous_4)
FNDA:4,(anonymous_5)
FNDA:3,(anonymous_6)
FNDA:3,(anonymous_7)
FNDA:1,useTheme
FNDA:1,(anonymous_9)
FNDA:0,(anonymous_10)
FNDA:1,(anonymous_11)
DA:4,1
DA:7,5
DA:8,5
DA:9,5
DA:11,4
DA:15,7
DA:17,7
DA:18,7
DA:19,7
DA:20,2
DA:22,5
DA:24,7
DA:28,7
DA:29,4
DA:30,4
DA:31,0
DA:32,0
DA:35,4
DA:36,4
DA:39,7
DA:41,3
DA:57,1
DA:59,1
DA:60,1
DA:61,1
DA:62,0
DA:64,1
DA:65,1
DA:68,1
LF:29
LH:26
BRDA:7,0,0,0
BRDA:7,0,1,5
BRDA:9,1,0,1
BRDA:9,1,1,4
BRDA:9,2,0,5
BRDA:9,2,1,5
BRDA:11,3,0,0
BRDA:11,3,1,4
BRDA:14,4,0,7
BRDA:19,5,0,2
BRDA:19,5,1,5
BRDA:31,6,0,0
BRDA:31,6,1,0
BRDA:32,7,0,0
BRDA:32,7,1,0
BRDA:41,8,0,1
BRDA:41,8,1,2
BRDA:43,9,0,2
BRDA:43,9,1,5
BRDA:47,10,0,2
BRDA:47,10,1,5
BRDA:48,11,0,2
BRDA:48,11,1,5
BRDA:50,12,0,2
BRDA:50,12,1,5
BRDA:62,13,0,0
BRDA:62,13,1,0
BRF:27
BRH:19
end_of_record
TN:
SF:src/components/Toast.tsx
FN:20,ToastProvider
FN:24,(anonymous_1)
FN:25,(anonymous_2)
FN:25,(anonymous_3)
FN:31,(anonymous_4)
FN:33,(anonymous_5)
FN:34,(anonymous_6)
FN:41,(anonymous_7)
FN:42,(anonymous_8)
FN:49,ToastItem
FN:75,useToast
FNF:11
FNH:11
FNDA:20,ToastProvider
FNDA:2,(anonymous_1)
FNDA:2,(anonymous_2)
FNDA:2,(anonymous_3)
FNDA:5,(anonymous_4)
FNDA:5,(anonymous_5)
FNDA:1,(anonymous_6)
FNDA:5,(anonymous_7)
FNDA:1,(anonymous_8)
FNDA:5,ToastItem
FNDA:16,useToast
DA:16,2
DA:18,2
DA:21,20
DA:22,20
DA:24,20
DA:25,2
DA:26,2
DA:27,2
DA:28,2
DA:31,20
DA:32,5
DA:33,5
DA:34,5
DA:37,20
DA:42,5
DA:50,5
DA:56,5
DA:62,5
DA:76,16
DA:77,16
DA:78,13
LF:21
LH:21
BRDA:27,0,0,2
BRDA:27,0,1,0
BRDA:77,1,0,2
BRDA:77,1,1,14
BRF:4
BRH:3
end_of_record
TN:
SF:src/components/TopProdutos.tsx
FN:6,TopProdutos
FN:18,(anonymous_1)
FNF:2
FNH:2
FNDA:5,TopProdutos
FNDA:16,(anonymous_1)
DA:4,1
DA:7,5
DA:8,1
DA:16,4
DA:19,16
LF:5
LH:5
BRDA:7,0,0,1
BRDA:7,0,1,4
BRDA:25,1,0,10
BRDA:25,1,1,6
BRDA:27,2,0,10
BRDA:27,2,1,6
BRF:6
BRH:6
end_of_record
TN:
SF:src/contexts/AuthContext.tsx
FN:17,getStoredToken
FN:25,AuthProvider
FN:28,(anonymous_2)
FN:33,(anonymous_3)
FN:44,(anonymous_4)
FN:45,(anonymous_5)
FN:47,(anonymous_6)
FN:50,(anonymous_7)
FN:58,useAuth
FNF:9
FNH:0
FNDA:0,getStoredToken
FNDA:0,AuthProvider
FNDA:0,(anonymous_2)
FNDA:0,(anonymous_3)
FNDA:0,(anonymous_4)
FNDA:0,(anonymous_5)
FNDA:0,(anonymous_6)
FNDA:0,(anonymous_7)
FNDA:0,useAuth
DA:3,0
DA:15,0
DA:18,0
DA:19,0
DA:21,0
DA:26,0
DA:28,0
DA:29,0
DA:30,0
DA:33,0
DA:34,0
DA:35,0
DA:38,0
DA:39,0
DA:44,0
DA:45,0
DA:46,0
DA:47,0
DA:50,0
DA:51,0
DA:55,0
DA:59,0
DA:60,0
DA:61,0
LF:24
LH:0
BRDA:38,0,0,0
BRDA:38,0,1,0
BRDA:38,1,0,0
BRDA:38,1,1,0
BRDA:60,2,0,0
BRDA:60,2,1,0
BRF:6
BRH:0
end_of_record
TN:
SF:src/pages/Dashboard.tsx
FN:17,Dashboard
FN:34,(anonymous_1)
FN:37,(anonymous_2)
FN:60,EstoqueBaixoAlert
FN:63,(anonymous_4)
FN:67,(anonymous_5)
FN:84,(anonymous_6)
FN:101,DashboardHojeView
FN:104,(anonymous_8)
FN:138,(anonymous_9)
FN:180,DashboardMensalView
FN:187,(anonymous_11)
FN:188,(anonymous_12)
FN:191,(anonymous_13)
FN:201,(anonymous_14)
FN:206,(anonymous_15)
FN:239,(anonymous_16)
FN:244,(anonymous_17)
FN:282,DashboardProdutosView
FN:286,(anonymous_19)
FN:287,(anonymous_20)
FN:290,(anonymous_21)
FN:295,(anonymous_22)
FNF:23
FNH:0
FNDA:0,Dashboard
FNDA:0,(anonymous_1)
FNDA:0,(anonymous_2)
FNDA:0,EstoqueBaixoAlert
FNDA:0,(anonymous_4)
FNDA:0,(anonymous_5)
FNDA:0,(anonymous_6)
FNDA:0,DashboardHojeView
FNDA:0,(anonymous_8)
FNDA:0,(anonymous_9)
FNDA:0,DashboardMensalView
FNDA:0,(anonymous_11)
FNDA:0,(anonymous_12)
FNDA:0,(anonymous_13)
FNDA:0,(anonymous_14)
FNDA:0,(anonymous_15)
FNDA:0,(anonymous_16)
FNDA:0,(anonymous_17)
FNDA:0,DashboardProdutosView
FNDA:0,(anonymous_19)
FNDA:0,(anonymous_20)
FNDA:0,(anonymous_21)
FNDA:0,(anonymous_22)
DA:18,0
DA:20,0
DA:35,0
DA:37,0
DA:61,0
DA:63,0
DA:64,0
DA:67,0
DA:69,0
DA:71,0
DA:85,0
DA:102,0
DA:104,0
DA:105,0
DA:108,0
DA:109,0
DA:116,0
DA:131,0
DA:135,0
DA:139,0
DA:181,0
DA:182,0
DA:183,0
DA:184,0
DA:185,0
DA:187,0
DA:188,0
DA:191,0
DA:192,0
DA:193,0
DA:194,0
DA:195,0
DA:197,0
DA:201,0
DA:202,0
DA:203,0
DA:206,0
DA:210,0
DA:239,0
DA:244,0
DA:283,0
DA:284,0
DA:286,0
DA:287,0
DA:290,0
DA:291,0
DA:292,0
DA:295,0
DA:299,0
LF:49
LH:0
BRDA:39,0,0,0
BRDA:39,0,1,0
BRDA:50,1,0,0
BRDA:50,1,1,0
BRDA:51,2,0,0
BRDA:51,2,1,0
BRDA:52,3,0,0
BRDA:52,3,1,0
BRDA:53,4,0,0
BRDA:53,4,1,0
BRDA:67,5,0,0
BRDA:67,5,1,0
BRDA:69,6,0,0
BRDA:69,6,1,0
BRDA:77,7,0,0
BRDA:77,7,1,0
BRDA:90,8,0,0
BRDA:90,8,1,0
BRDA:108,9,0,0
BRDA:108,9,1,0
BRDA:125,10,0,0
BRDA:125,10,1,0
BRDA:126,11,0,0
BRDA:126,11,1,0
BRDA:131,12,0,0
BRDA:131,12,1,0
BRDA:164,13,0,0
BRDA:164,13,1,0
BRDA:170,14,0,0
BRDA:170,14,1,0
BRDA:192,15,0,0
BRDA:192,15,1,0
BRDA:192,16,0,0
BRDA:192,16,1,0
BRDA:194,17,0,0
BRDA:194,17,1,0
BRDA:194,18,0,0
BRDA:194,18,1,0
BRDA:202,19,0,0
BRDA:202,19,1,0
BRDA:216,20,0,0
BRDA:216,20,1,0
BRDA:222,21,0,0
BRDA:222,21,1,0
BRDA:223,22,0,0
BRDA:223,22,1,0
BRDA:223,23,0,0
BRDA:223,23,1,0
BRDA:226,24,0,0
BRDA:226,24,1,0
BRDA:253,25,0,0
BRDA:253,25,1,0
BRDA:269,26,0,0
BRDA:269,26,1,0
BRDA:291,27,0,0
BRDA:291,27,1,0
BRDA:303,28,0,0
BRDA:303,28,1,0
BRDA:309,29,0,0
BRDA:309,29,1,0
BRDA:310,30,0,0
BRDA:310,30,1,0
BRDA:310,31,0,0
BRDA:310,31,1,0
BRDA:313,32,0,0
BRDA:313,32,1,0
BRF:66
BRH:0
end_of_record
TN:
SF:src/pages/Ingredientes.tsx
FN:10,Ingredientes
FN:28,(anonymous_1)
FN:30,(anonymous_2)
FN:32,(anonymous_3)
FN:52,(anonymous_4)
FN:62,(anonymous_5)
FN:75,(anonymous_6)
FN:77,(anonymous_7)
FN:86,(anonymous_8)
FN:91,(anonymous_9)
FN:107,(anonymous_10)
FN:116,(anonymous_11)
FN:133,(anonymous_12)
FN:148,(anonymous_13)
FN:153,(anonymous_14)
FN:162,(anonymous_15)
FN:168,(anonymous_16)
FN:177,(anonymous_17)
FN:184,(anonymous_18)
FN:195,(anonymous_19)
FN:217,(anonymous_20)
FN:248,(anonymous_21)
FN:251,(anonymous_22)
FN:254,(anonymous_23)
FN:257,(anonymous_24)
FN:260,(anonymous_25)
FN:277,(anonymous_26)
FN:278,(anonymous_27)
FN:284,(anonymous_28)
FN:304,(anonymous_29)
FN:332,(anonymous_30)
FN:333,(anonymous_31)
FN:338,(anonymous_32)
FN:351,(anonymous_33)
FN:352,(anonymous_34)
FN:372,(anonymous_35)
FN:381,(anonymous_36)
FN:394,(anonymous_37)
FNF:38
FNH:0
FNDA:0,Ingredientes
FNDA:0,(anonymous_1)
FNDA:0,(anonymous_2)
FNDA:0,(anonymous_3)
FNDA:0,(anonymous_4)
FNDA:0,(anonymous_5)
FNDA:0,(anonymous_6)
FNDA:0,(anonymous_7)
FNDA:0,(anonymous_8)
FNDA:0,(anonymous_9)
FNDA:0,(anonymous_10)
FNDA:0,(anonymous_11)
FNDA:0,(anonymous_12)
FNDA:0,(anonymous_13)
FNDA:0,(anonymous_14)
FNDA:0,(anonymous_15)
FNDA:0,(anonymous_16)
FNDA:0,(anonymous_17)
FNDA:0,(anonymous_18)
FNDA:0,(anonymous_19)
FNDA:0,(anonymous_20)
FNDA:0,(anonymous_21)
FNDA:0,(anonymous_22)
FNDA:0,(anonymous_23)
FNDA:0,(anonymous_24)
FNDA:0,(anonymous_25)
FNDA:0,(anonymous_26)
FNDA:0,(anonymous_27)
FNDA:0,(anonymous_28)
FNDA:0,(anonymous_29)
FNDA:0,(anonymous_30)
FNDA:0,(anonymous_31)
FNDA:0,(anonymous_32)
FNDA:0,(anonymous_33)
FNDA:0,(anonymous_34)
FNDA:0,(anonymous_35)
FNDA:0,(anonymous_36)
FNDA:0,(anonymous_37)
DA:11,0
DA:12,0
DA:13,0
DA:14,0
DA:15,0
DA:20,0
DA:23,0
DA:24,0
DA:28,0
DA:30,0
DA:32,0
DA:33,0
DA:34,0
DA:35,0
DA:36,0
DA:37,0
DA:39,0
DA:40,0
DA:42,0
DA:43,0
DA:44,0
DA:45,0
DA:47,0
DA:48,0
DA:52,0
DA:53,0
DA:58,0
DA:59,0
DA:62,0
DA:63,0
DA:64,0
DA:65,0
DA:66,0
DA:67,0
DA:69,0
DA:70,0
DA:75,0
DA:77,0
DA:78,0
DA:79,0
DA:80,0
DA:82,0
DA:86,0
DA:87,0
DA:88,0
DA:91,0
DA:92,0
DA:93,0
DA:94,0
DA:99,0
DA:100,0
DA:101,0
DA:103,0
DA:107,0
DA:109,0
DA:116,0
DA:134,0
DA:148,0
DA:153,0
DA:162,0
DA:168,0
DA:177,0
DA:184,0
DA:195,0
DA:218,0
DA:219,0
DA:248,0
DA:251,0
DA:254,0
DA:257,0
DA:260,0
DA:277,0
DA:278,0
DA:284,0
DA:305,0
DA:332,0
DA:333,0
DA:338,0
DA:352,0
DA:353,0
DA:372,0
DA:381,0
DA:394,0
LF:83
LH:0
BRDA:35,0,0,0
BRDA:35,0,1,0
BRDA:47,1,0,0
BRDA:47,1,1,0
BRDA:48,2,0,0
BRDA:48,2,1,0
BRDA:63,3,0,0
BRDA:63,3,1,0
BRDA:69,4,0,0
BRDA:69,4,1,0
BRDA:70,5,0,0
BRDA:70,5,1,0
BRDA:75,6,0,0
BRDA:75,6,1,0
BRDA:75,7,0,0
BRDA:75,7,1,0
BRDA:75,8,0,0
BRDA:75,8,1,0
BRDA:97,9,0,0
BRDA:97,9,1,0
BRDA:99,10,0,0
BRDA:99,10,1,0
BRDA:103,11,0,0
BRDA:103,11,1,0
BRDA:107,12,0,0
BRDA:107,12,1,0
BRDA:107,12,2,0
BRDA:125,13,0,0
BRDA:125,13,1,0
BRDA:130,14,0,0
BRDA:130,14,1,0
BRDA:141,15,0,0
BRDA:141,15,1,0
BRDA:143,16,0,0
BRDA:143,16,1,0
BRDA:162,17,0,0
BRDA:162,17,1,0
BRDA:168,18,0,0
BRDA:168,18,1,0
BRDA:177,19,0,0
BRDA:177,19,1,0
BRDA:184,20,0,0
BRDA:184,20,1,0
BRDA:193,21,0,0
BRDA:193,21,1,0
BRDA:218,22,0,0
BRDA:218,22,1,0
BRDA:218,22,2,0
BRDA:220,23,0,0
BRDA:220,23,1,0
BRDA:227,24,0,0
BRDA:227,24,1,0
BRDA:230,25,0,0
BRDA:230,25,1,0
BRDA:236,26,0,0
BRDA:236,26,1,0
BRDA:236,26,2,0
BRDA:268,27,0,0
BRDA:268,27,1,0
BRDA:276,28,0,0
BRDA:276,28,1,0
BRDA:289,29,0,0
BRDA:289,29,1,0
BRDA:311,30,0,0
BRDA:311,30,1,0
BRDA:313,31,0,0
BRDA:313,31,1,0
BRDA:319,32,0,0
BRDA:319,32,1,0
BRDA:319,33,0,0
BRDA:319,33,1,0
BRDA:331,34,0,0
BRDA:331,34,1,0
BRDA:336,35,0,0
BRDA:336,35,1,0
BRDA:356,36,0,0
BRDA:356,36,1,0
BRDA:366,37,0,0
BRDA:366,37,1,0
BRDA:371,38,0,0
BRDA:371,38,1,0
BRDA:372,39,0,0
BRDA:372,39,1,0
BRDA:382,40,0,0
BRDA:382,40,1,0
BRDA:388,41,0,0
BRDA:388,41,1,0
BRDA:392,42,0,0
BRDA:392,42,1,0
BRF:89
BRH:0
end_of_record
TN:
SF:src/pages/Landing.tsx
FN:12,getConfig
FN:13,(anonymous_1)
FN:16,scrollTo
FN:22,Landing
FN:29,(anonymous_4)
FN:32,(anonymous_5)
FN:33,(anonymous_6)
FN:34,(anonymous_7)
FN:35,(anonymous_8)
FN:39,(anonymous_9)
FN:43,(anonymous_10)
FN:44,(anonymous_11)
FN:46,(anonymous_12)
FN:72,(anonymous_13)
FN:86,(anonymous_14)
FN:89,(anonymous_15)
FN:160,(anonymous_16)
FN:202,(anonymous_17)
FN:225,(anonymous_18)
FN:240,(anonymous_19)
FN:240,(anonymous_20)
FN:259,(anonymous_21)
FN:259,(anonymous_22)
FN:333,(anonymous_23)
FN:342,(anonymous_24)
FN:374,(anonymous_25)
FN:374,(anonymous_26)
FN:498,TestimonialForm
FN:507,(anonymous_28)
FN:550,(anonymous_29)
FN:554,(anonymous_30)
FN:555,(anonymous_31)
FN:556,(anonymous_32)
FN:578,(anonymous_33)
FN:591,(anonymous_34)
FNF:35
FNH:0
FNDA:0,getConfig
FNDA:0,(anonymous_1)
FNDA:0,scrollTo
FNDA:0,Landing
FNDA:0,(anonymous_4)
FNDA:0,(anonymous_5)
FNDA:0,(anonymous_6)
FNDA:0,(anonymous_7)
FNDA:0,(anonymous_8)
FNDA:0,(anonymous_9)
FNDA:0,(anonymous_10)
FNDA:0,(anonymous_11)
FNDA:0,(anonymous_12)
FNDA:0,(anonymous_13)
FNDA:0,(anonymous_14)
FNDA:0,(anonymous_15)
FNDA:0,(anonymous_16)
FNDA:0,(anonymous_17)
FNDA:0,(anonymous_18)
FNDA:0,(anonymous_19)
FNDA:0,(anonymous_20)
FNDA:0,(anonymous_21)
FNDA:0,(anonymous_22)
FNDA:0,(anonymous_23)
FNDA:0,(anonymous_24)
FNDA:0,(anonymous_25)
FNDA:0,(anonymous_26)
FNDA:0,TestimonialForm
FNDA:0,(anonymous_28)
FNDA:0,(anonymous_29)
FNDA:0,(anonymous_30)
FNDA:0,(anonymous_31)
FNDA:0,(anonymous_32)
FNDA:0,(anonymous_33)
FNDA:0,(anonymous_34)
DA:13,0
DA:17,0
DA:23,0
DA:24,0
DA:25,0
DA:26,0
DA:27,0
DA:29,0
DA:31,0
DA:32,0
DA:33,0
DA:34,0
DA:36,0
DA:37,0
DA:38,0
DA:39,0
DA:43,0
DA:44,0
DA:45,0
DA:46,0
DA:49,0
DA:50,0
DA:51,0
DA:52,0
DA:53,0
DA:54,0
DA:55,0
DA:57,0
DA:58,0
DA:59,0
DA:60,0
DA:61,0
DA:63,0
DA:72,0
DA:87,0
DA:89,0
DA:160,0
DA:202,0
DA:226,0
DA:240,0
DA:241,0
DA:259,0
DA:260,0
DA:334,0
DA:343,0
DA:374,0
DA:499,0
DA:500,0
DA:501,0
DA:502,0
DA:503,0
DA:504,0
DA:505,0
DA:507,0
DA:508,0
DA:509,0
DA:510,0
DA:511,0
DA:512,0
DA:513,0
DA:514,0
DA:515,0
DA:516,0
DA:517,0
DA:518,0
DA:520,0
DA:522,0
DA:526,0
DA:527,0
DA:536,0
DA:551,0
DA:554,0
DA:555,0
DA:556,0
DA:578,0
DA:591,0
LF:76
LH:0
BRDA:12,0,0,0
BRDA:13,1,0,0
BRDA:13,1,1,0
BRDA:67,2,0,0
BRDA:67,2,1,0
BRDA:95,3,0,0
BRDA:95,3,1,0
BRDA:148,4,0,0
BRDA:148,4,1,0
BRDA:168,5,0,0
BRDA:168,5,1,0
BRDA:174,6,0,0
BRDA:174,6,1,0
BRDA:183,7,0,0
BRDA:183,7,1,0
BRDA:190,8,0,0
BRDA:190,8,1,0
BRDA:223,9,0,0
BRDA:223,9,1,0
BRDA:233,10,0,0
BRDA:233,10,1,0
BRDA:252,11,0,0
BRDA:252,11,1,0
BRDA:257,12,0,0
BRDA:257,12,1,0
BRDA:257,12,2,0
BRDA:263,13,0,0
BRDA:263,13,1,0
BRDA:270,14,0,0
BRDA:270,14,1,0
BRDA:283,15,0,0
BRDA:283,15,1,0
BRDA:327,16,0,0
BRDA:327,16,1,0
BRDA:340,17,0,0
BRDA:340,17,1,0
BRDA:345,18,0,0
BRDA:345,18,1,0
BRDA:379,19,0,0
BRDA:379,19,1,0
BRDA:379,19,2,0
BRDA:379,19,3,0
BRDA:383,20,0,0
BRDA:383,20,1,0
BRDA:392,21,0,0
BRDA:392,21,1,0
BRDA:399,22,0,0
BRDA:399,22,1,0
BRDA:404,23,0,0
BRDA:404,23,1,0
BRDA:439,24,0,0
BRDA:439,24,1,0
BRDA:445,25,0,0
BRDA:445,25,1,0
BRDA:452,26,0,0
BRDA:452,26,1,0
BRDA:464,27,0,0
BRDA:464,27,1,0
BRDA:509,28,0,0
BRDA:509,28,1,0
BRDA:509,29,0,0
BRDA:509,29,1,0
BRDA:509,29,2,0
BRDA:526,30,0,0
BRDA:526,30,1,0
BRDA:562,31,0,0
BRDA:562,31,1,0
BRDA:562,32,0,0
BRDA:562,32,1,0
BRDA:601,33,0,0
BRDA:601,33,1,0
BRDA:605,34,0,0
BRDA:605,34,1,0
BRDA:605,34,2,0
BRDA:605,34,3,0
BRDA:608,35,0,0
BRDA:608,35,1,0
BRF:77
BRH:0
end_of_record
TN:
SF:src/pages/ListaCompras.tsx
FN:13,ListaCompras
FN:27,(anonymous_1)
FN:47,(anonymous_2)
FN:49,(anonymous_3)
FN:69,(anonymous_4)
FN:79,(anonymous_5)
FN:91,(anonymous_6)
FN:102,(anonymous_7)
FN:113,(anonymous_8)
FN:127,(anonymous_9)
FN:139,(anonymous_10)
FN:150,(anonymous_11)
FN:151,(anonymous_12)
FN:162,(anonymous_13)
FN:172,(anonymous_14)
FN:180,(anonymous_15)
FN:183,(anonymous_16)
FN:189,(anonymous_17)
FN:215,(anonymous_18)
FN:218,(anonymous_19)
FN:261,(anonymous_20)
FN:262,(anonymous_21)
FN:268,(anonymous_22)
FN:278,(anonymous_23)
FN:289,(anonymous_24)
FN:297,(anonymous_25)
FN:322,(anonymous_26)
FN:335,(anonymous_27)
FN:359,(anonymous_28)
FN:360,(anonymous_29)
FN:366,(anonymous_30)
FN:367,(anonymous_31)
FN:373,(anonymous_32)
FN:393,ItemRow
FN:407,(anonymous_34)
FN:415,(anonymous_35)
FN:441,(anonymous_36)
FN:446,(anonymous_37)
FN:451,(anonymous_38)
FN:457,(anonymous_39)
FN:466,(anonymous_40)
FNF:41
FNH:0
FNDA:0,ListaCompras
FNDA:0,(anonymous_1)
FNDA:0,(anonymous_2)
FNDA:0,(anonymous_3)
FNDA:0,(anonymous_4)
FNDA:0,(anonymous_5)
FNDA:0,(anonymous_6)
FNDA:0,(anonymous_7)
FNDA:0,(anonymous_8)
FNDA:0,(anonymous_9)
FNDA:0,(anonymous_10)
FNDA:0,(anonymous_11)
FNDA:0,(anonymous_12)
FNDA:0,(anonymous_13)
FNDA:0,(anonymous_14)
FNDA:0,(anonymous_15)
FNDA:0,(anonymous_16)
FNDA:0,(anonymous_17)
FNDA:0,(anonymous_18)
FNDA:0,(anonymous_19)
FNDA:0,(anonymous_20)
FNDA:0,(anonymous_21)
FNDA:0,(anonymous_22)
FNDA:0,(anonymous_23)
FNDA:0,(anonymous_24)
FNDA:0,(anonymous_25)
FNDA:0,(anonymous_26)
FNDA:0,(anonymous_27)
FNDA:0,(anonymous_28)
FNDA:0,(anonymous_29)
FNDA:0,(anonymous_30)
FNDA:0,(anonymous_31)
FNDA:0,(anonymous_32)
FNDA:0,ItemRow
FNDA:0,(anonymous_34)
FNDA:0,(anonymous_35)
FNDA:0,(anonymous_36)
FNDA:0,(anonymous_37)
FNDA:0,(anonymous_38)
FNDA:0,(anonymous_39)
FNDA:0,(anonymous_40)
DA:14,0
DA:15,0
DA:16,0
DA:17,0
DA:18,0
DA:19,0
DA:20,0
DA:21,0
DA:22,0
DA:23,0
DA:24,0
DA:25,0
DA:27,0
DA:28,0
DA:29,0
DA:30,0
DA:36,0
DA:37,0
DA:38,0
DA:39,0
DA:41,0
DA:43,0
DA:47,0
DA:49,0
DA:50,0
DA:51,0
DA:52,0
DA:53,0
DA:58,0
DA:59,0
DA:60,0
DA:61,0
DA:62,0
DA:64,0
DA:65,0
DA:69,0
DA:70,0
DA:71,0
DA:72,0
DA:74,0
DA:75,0
DA:79,0
DA:80,0
DA:81,0
DA:82,0
DA:83,0
DA:84,0
DA:86,0
DA:87,0
DA:91,0
DA:92,0
DA:93,0
DA:94,0
DA:95,0
DA:97,0
DA:98,0
DA:102,0
DA:103,0
DA:104,0
DA:105,0
DA:106,0
DA:108,0
DA:109,0
DA:113,0
DA:114,0
DA:115,0
DA:116,0
DA:117,0
DA:118,0
DA:119,0
DA:120,0
DA:122,0
DA:123,0
DA:127,0
DA:128,0
DA:129,0
DA:130,0
DA:131,0
DA:132,0
DA:134,0
DA:135,0
DA:139,0
DA:140,0
DA:141,0
DA:142,0
DA:143,0
DA:145,0
DA:146,0
DA:150,0
DA:151,0
DA:153,0
DA:162,0
DA:172,0
DA:181,0
DA:183,0
DA:189,0
DA:216,0
DA:218,0
DA:261,0
DA:262,0
DA:269,0
DA:278,0
DA:289,0
DA:297,0
DA:323,0
DA:336,0
DA:359,0
DA:360,0
DA:366,0
DA:367,0
DA:373,0
DA:404,0
DA:405,0
DA:407,0
DA:408,0
DA:409,0
DA:412,0
DA:415,0
DA:441,0
DA:446,0
DA:451,0
DA:457,0
DA:466,0
LF:123
LH:0
BRDA:50,0,0,0
BRDA:50,0,1,0
BRDA:51,1,0,0
BRDA:51,1,1,0
BRDA:55,2,0,0
BRDA:55,2,1,0
BRDA:55,3,0,0
BRDA:55,3,1,0
BRDA:56,4,0,0
BRDA:56,4,1,0
BRDA:56,5,0,0
BRDA:56,5,1,0
BRDA:64,6,0,0
BRDA:64,6,1,0
BRDA:65,7,0,0
BRDA:65,7,1,0
BRDA:74,8,0,0
BRDA:74,8,1,0
BRDA:75,9,0,0
BRDA:75,9,1,0
BRDA:80,10,0,0
BRDA:80,10,1,0
BRDA:81,11,0,0
BRDA:81,11,1,0
BRDA:86,12,0,0
BRDA:86,12,1,0
BRDA:87,13,0,0
BRDA:87,13,1,0
BRDA:97,14,0,0
BRDA:97,14,1,0
BRDA:98,15,0,0
BRDA:98,15,1,0
BRDA:108,16,0,0
BRDA:108,16,1,0
BRDA:109,17,0,0
BRDA:109,17,1,0
BRDA:114,18,0,0
BRDA:114,18,1,0
BRDA:122,19,0,0
BRDA:122,19,1,0
BRDA:123,20,0,0
BRDA:123,20,1,0
BRDA:134,21,0,0
BRDA:134,21,1,0
BRDA:135,22,0,0
BRDA:135,22,1,0
BRDA:145,23,0,0
BRDA:145,23,1,0
BRDA:146,24,0,0
BRDA:146,24,1,0
BRDA:178,25,0,0
BRDA:178,25,1,0
BRDA:178,25,2,0
BRDA:199,26,0,0
BRDA:199,26,1,0
BRDA:209,27,0,0
BRDA:209,27,1,0
BRDA:218,28,0,0
BRDA:218,28,1,0
BRDA:223,29,0,0
BRDA:223,29,1,0
BRDA:224,30,0,0
BRDA:224,30,1,0
BRDA:232,31,0,0
BRDA:232,31,1,0
BRDA:262,32,0,0
BRDA:262,32,1,0
BRDA:307,33,0,0
BRDA:307,33,1,0
BRDA:314,34,0,0
BRDA:314,34,1,0
BRDA:316,35,0,0
BRDA:316,35,1,0
BRDA:329,36,0,0
BRDA:329,36,1,0
BRDA:342,37,0,0
BRDA:342,37,1,0
BRDA:347,38,0,0
BRDA:347,38,1,0
BRDA:358,39,0,0
BRDA:358,39,1,0
BRDA:367,40,0,0
BRDA:367,40,1,0
BRDA:405,41,0,0
BRDA:405,41,1,0
BRDA:413,42,0,0
BRDA:413,42,1,0
BRDA:417,43,0,0
BRDA:417,43,1,0
BRDA:422,44,0,0
BRDA:422,44,1,0
BRDA:426,45,0,0
BRDA:426,45,1,0
BRDA:430,46,0,0
BRDA:430,46,1,0
BRDA:430,47,0,0
BRDA:430,47,1,0
BRDA:436,48,0,0
BRDA:436,48,1,0
BRDA:446,49,0,0
BRDA:446,49,1,0
BRDA:446,50,0,0
BRDA:446,50,1,0
BRDA:457,51,0,0
BRDA:457,51,1,0
BRDA:458,52,0,0
BRDA:458,52,1,0
BRDA:460,53,0,0
BRDA:460,53,1,0
BRF:109
BRH:0
end_of_record
TN:
SF:src/pages/Login.tsx
FN:9,Login
FN:21,handleSubmit
FN:34,(anonymous_2)
FN:91,(anonymous_3)
FN:99,(anonymous_4)
FN:99,(anonymous_5)
FNF:6
FNH:0
FNDA:0,Login
FNDA:0,handleSubmit
FNDA:0,(anonymous_2)
FNDA:0,(anonymous_3)
FNDA:0,(anonymous_4)
FNDA:0,(anonymous_5)
DA:7,0
DA:10,0
DA:11,0
DA:12,0
DA:13,0
DA:14,0
DA:15,0
DA:16,0
DA:19,0
DA:22,0
DA:23,0
DA:24,0
DA:26,0
DA:27,0
DA:33,0
DA:34,0
DA:35,0
DA:42,0
DA:43,0
DA:44,0
DA:46,0
DA:47,0
DA:49,0
DA:52,0
DA:56,0
DA:91,0
DA:99,0
LF:27
LH:0
BRDA:7,0,0,0
BRDA:7,0,1,0
BRDA:19,1,0,0
BRDA:19,1,1,0
BRDA:33,2,0,0
BRDA:33,2,1,0
BRDA:36,3,0,0
BRDA:36,3,1,0
BRDA:36,3,2,0
BRDA:46,4,0,0
BRDA:46,4,1,0
BRDA:49,5,0,0
BRDA:49,5,1,0
BRDA:76,6,0,0
BRDA:76,6,1,0
BRDA:89,7,0,0
BRDA:89,7,1,0
BRDA:101,8,0,0
BRDA:101,8,1,0
BRDA:103,9,0,0
BRDA:103,9,1,0
BRDA:110,10,0,0
BRDA:110,10,1,0
BRDA:113,11,0,0
BRDA:113,11,1,0
BRDA:118,12,0,0
BRDA:118,12,1,0
BRF:27
BRH:0
end_of_record
TN:
SF:src/pages/PedidoDetalhe.tsx
FN:15,PedidoDetalhe
FN:20,(anonymous_1)
FN:30,(anonymous_2)
FN:44,(anonymous_3)
FN:50,(anonymous_4)
FN:76,(anonymous_5)
FN:90,(anonymous_6)
FN:147,(anonymous_7)
FN:173,(anonymous_8)
FNF:9
FNH:0
FNDA:0,PedidoDetalhe
FNDA:0,(anonymous_1)
FNDA:0,(anonymous_2)
FNDA:0,(anonymous_3)
FNDA:0,(anonymous_4)
FNDA:0,(anonymous_5)
FNDA:0,(anonymous_6)
FNDA:0,(anonymous_7)
FNDA:0,(anonymous_8)
DA:16,0
DA:17,0
DA:18,0
DA:20,0
DA:21,0
DA:24,0
DA:26,0
DA:27,0
DA:28,0
DA:30,0
DA:31,0
DA:32,0
DA:33,0
DA:34,0
DA:35,0
DA:36,0
DA:38,0
DA:39,0
DA:44,0
DA:45,0
DA:46,0
DA:47,0
DA:50,0
DA:51,0
DA:52,0
DA:55,0
DA:77,0
DA:91,0
DA:148,0
DA:173,0
LF:30
LH:0
BRDA:21,0,0,0
BRDA:21,0,1,0
BRDA:24,1,0,0
BRDA:24,1,1,0
BRDA:32,2,0,0
BRDA:32,2,1,0
BRDA:38,3,0,0
BRDA:38,3,1,0
BRDA:39,4,0,0
BRDA:39,4,1,0
BRDA:47,5,0,0
BRDA:47,5,1,0
BRDA:73,6,0,0
BRDA:73,6,1,0
BRDA:79,7,0,0
BRDA:79,7,1,0
BRDA:83,8,0,0
BRDA:83,8,1,0
BRDA:84,9,0,0
BRDA:84,9,1,0
BRDA:94,10,0,0
BRDA:94,10,1,0
BRDA:107,11,0,0
BRDA:107,11,1,0
BRDA:121,12,0,0
BRDA:121,12,1,0
BRDA:125,13,0,0
BRDA:125,13,1,0
BRDA:136,14,0,0
BRDA:136,14,1,0
BRDA:138,15,0,0
BRDA:138,15,1,0
BRDA:151,16,0,0
BRDA:151,16,1,0
BRDA:153,17,0,0
BRDA:153,17,1,0
BRDA:165,18,0,0
BRDA:165,18,1,0
BRF:38
BRH:0
end_of_record
TN:
SF:src/pages/PedidoNovo.tsx
FN:19,PedidoNovo
FN:27,(anonymous_1)
FN:31,(anonymous_2)
FN:31,(anonymous_3)
FN:33,(anonymous_4)
FN:34,(anonymous_5)
FN:38,(anonymous_6)
FN:47,(anonymous_7)
FN:74,(anonymous_8)
FN:79,(anonymous_9)
FN:86,(anonymous_10)
FN:96,(anonymous_11)
FN:105,(anonymous_12)
FN:113,(anonymous_13)
FN:121,(anonymous_14)
FN:133,(anonymous_15)
FN:152,(anonymous_16)
FN:158,(anonymous_17)
FN:162,(anonymous_18)
FN:162,(anonymous_19)
FN:166,(anonymous_20)
FNF:21
FNH:0
FNDA:0,PedidoNovo
FNDA:0,(anonymous_1)
FNDA:0,(anonymous_2)
FNDA:0,(anonymous_3)
FNDA:0,(anonymous_4)
FNDA:0,(anonymous_5)
FNDA:0,(anonymous_6)
FNDA:0,(anonymous_7)
FNDA:0,(anonymous_8)
FNDA:0,(anonymous_9)
FNDA:0,(anonymous_10)
FNDA:0,(anonymous_11)
FNDA:0,(anonymous_12)
FNDA:0,(anonymous_13)
FNDA:0,(anonymous_14)
FNDA:0,(anonymous_15)
FNDA:0,(anonymous_16)
FNDA:0,(anonymous_17)
FNDA:0,(anonymous_18)
FNDA:0,(anonymous_19)
FNDA:0,(anonymous_20)
DA:20,0
DA:21,0
DA:22,0
DA:23,0
DA:24,0
DA:25,0
DA:27,0
DA:28,0
DA:31,0
DA:33,0
DA:34,0
DA:35,0
DA:38,0
DA:39,0
DA:40,0
DA:41,0
DA:42,0
DA:44,0
DA:45,0
DA:47,0
DA:54,0
DA:55,0
DA:57,0
DA:58,0
DA:59,0
DA:63,0
DA:74,0
DA:79,0
DA:86,0
DA:96,0
DA:106,0
DA:114,0
DA:115,0
DA:116,0
DA:121,0
DA:134,0
DA:135,0
DA:152,0
DA:158,0
DA:162,0
DA:163,0
DA:167,0
DA:168,0
DA:169,0
LF:44
LH:0
BRDA:28,0,0,0
BRDA:28,0,1,0
BRDA:40,1,0,0
BRDA:40,1,1,0
BRDA:57,2,0,0
BRDA:57,2,1,0
BRDA:58,3,0,0
BRDA:58,3,1,0
BRDA:59,4,0,0
BRDA:59,4,1,0
BRDA:115,5,0,0
BRDA:115,5,1,0
BRDA:143,6,0,0
BRDA:143,6,1,0
BRDA:158,7,0,0
BRDA:158,7,1,0
BRDA:177,8,0,0
BRDA:177,8,1,0
BRF:18
BRH:0
end_of_record
TN:
SF:src/pages/Pedidos.tsx
FN:15,Pedidos
FN:23,(anonymous_1)
FN:25,(anonymous_2)
FN:27,(anonymous_3)
FN:34,(anonymous_4)
FN:40,(anonymous_5)
FN:49,(anonymous_6)
FN:53,(anonymous_7)
FN:68,renderSortIcon
FN:79,(anonymous_9)
FN:94,(anonymous_10)
FN:111,(anonymous_11)
FN:114,(anonymous_12)
FN:128,(anonymous_13)
FN:132,(anonymous_14)
FN:136,(anonymous_15)
FN:148,(anonymous_16)
FN:180,(anonymous_17)
FN:198,(anonymous_18)
FN:209,(anonymous_19)
FN:226,(anonymous_20)
FN:229,(anonymous_21)
FN:247,(anonymous_22)
FN:250,(anonymous_23)
FNF:24
FNH:0
FNDA:0,Pedidos
FNDA:0,(anonymous_1)
FNDA:0,(anonymous_2)
FNDA:0,(anonymous_3)
FNDA:0,(anonymous_4)
FNDA:0,(anonymous_5)
FNDA:0,(anonymous_6)
FNDA:0,(anonymous_7)
FNDA:0,renderSortIcon
FNDA:0,(anonymous_9)
FNDA:0,(anonymous_10)
FNDA:0,(anonymous_11)
FNDA:0,(anonymous_12)
FNDA:0,(anonymous_13)
FNDA:0,(anonymous_14)
FNDA:0,(anonymous_15)
FNDA:0,(anonymous_16)
FNDA:0,(anonymous_17)
FNDA:0,(anonymous_18)
FNDA:0,(anonymous_19)
FNDA:0,(anonymous_20)
FNDA:0,(anonymous_21)
FNDA:0,(anonymous_22)
FNDA:0,(anonymous_23)
DA:16,0
DA:17,0
DA:18,0
DA:19,0
DA:20,0
DA:21,0
DA:23,0
DA:25,0
DA:26,0
DA:27,0
DA:29,0
DA:30,0
DA:34,0
DA:35,0
DA:38,0
DA:39,0
DA:40,0
DA:41,0
DA:48,0
DA:49,0
DA:53,0
DA:54,0
DA:55,0
DA:56,0
DA:57,0
DA:58,0
DA:59,0
DA:60,0
DA:62,0
DA:65,0
DA:69,0
DA:70,0
DA:73,0
DA:79,0
DA:94,0
DA:112,0
DA:114,0
DA:128,0
DA:132,0
DA:136,0
DA:149,0
DA:150,0
DA:151,0
DA:181,0
DA:199,0
DA:200,0
DA:201,0
DA:209,0
DA:227,0
DA:229,0
DA:247,0
DA:251,0
DA:252,0
DA:253,0
LF:54
LH:0
BRDA:26,0,0,0
BRDA:26,0,1,0
BRDA:27,1,0,0
BRDA:27,1,1,0
BRDA:38,2,0,0
BRDA:38,2,1,0
BRDA:41,3,0,0
BRDA:41,3,1,0
BRDA:41,3,2,0
BRDA:43,4,0,0
BRDA:43,4,1,0
BRDA:48,5,0,0
BRDA:48,5,1,0
BRDA:55,6,0,0
BRDA:55,6,1,0
BRDA:57,7,0,0
BRDA:57,7,1,0
BRDA:59,8,0,0
BRDA:59,8,1,0
BRDA:62,9,0,0
BRDA:62,9,1,0
BRDA:69,10,0,0
BRDA:69,10,1,0
BRDA:70,11,0,0
BRDA:70,11,1,0
BRDA:116,12,0,0
BRDA:116,12,1,0
BRDA:129,13,0,0
BRDA:129,13,1,0
BRDA:133,14,0,0
BRDA:133,14,1,0
BRDA:137,15,0,0
BRDA:137,15,1,0
BRDA:189,16,0,0
BRDA:189,16,1,0
BRDA:196,17,0,0
BRDA:196,17,1,0
BRDA:201,18,0,0
BRDA:201,18,1,0
BRDA:217,19,0,0
BRDA:217,19,1,0
BRDA:240,20,0,0
BRDA:240,20,1,0
BRDA:248,21,0,0
BRDA:248,21,1,0
BRDA:253,22,0,0
BRDA:253,22,1,0
BRDA:265,23,0,0
BRDA:265,23,1,0
BRDA:273,24,0,0
BRDA:273,24,1,0
BRDA:275,25,0,0
BRDA:275,25,1,0
BRDA:276,26,0,0
BRDA:276,26,1,0
BRF:55
BRH:0
end_of_record
TN:
SF:src/pages/Produtos.tsx
FN:10,Produtos
FN:16,(anonymous_1)
FN:21,(anonymous_2)
FN:27,(anonymous_3)
FN:29,(anonymous_4)
FN:29,(anonymous_5)
FN:32,(anonymous_6)
FN:36,(anonymous_7)
FN:46,(anonymous_8)
FN:56,(anonymous_9)
FN:78,VariacaoForm
FN:82,(anonymous_11)
FN:97,(anonymous_12)
FN:103,(anonymous_13)
FN:109,(anonymous_14)
FN:115,(anonymous_15)
FN:129,ReceitaForm
FN:137,(anonymous_17)
FN:142,(anonymous_18)
FN:144,(anonymous_19)
FN:163,(anonymous_20)
FN:173,(anonymous_21)
FN:189,(anonymous_22)
FN:191,(anonymous_23)
FN:191,(anonymous_24)
FN:191,(anonymous_25)
FN:199,(anonymous_26)
FNF:27
FNH:0
FNDA:0,Produtos
FNDA:0,(anonymous_1)
FNDA:0,(anonymous_2)
FNDA:0,(anonymous_3)
FNDA:0,(anonymous_4)
FNDA:0,(anonymous_5)
FNDA:0,(anonymous_6)
FNDA:0,(anonymous_7)
FNDA:0,(anonymous_8)
FNDA:0,(anonymous_9)
FNDA:0,VariacaoForm
FNDA:0,(anonymous_11)
FNDA:0,(anonymous_12)
FNDA:0,(anonymous_13)
FNDA:0,(anonymous_14)
FNDA:0,(anonymous_15)
FNDA:0,ReceitaForm
FNDA:0,(anonymous_17)
FNDA:0,(anonymous_18)
FNDA:0,(anonymous_19)
FNDA:0,(anonymous_20)
FNDA:0,(anonymous_21)
FNDA:0,(anonymous_22)
FNDA:0,(anonymous_23)
FNDA:0,(anonymous_24)
FNDA:0,(anonymous_25)
FNDA:0,(anonymous_26)
DA:11,0
DA:12,0
DA:13,0
DA:14,0
DA:16,0
DA:17,0
DA:18,0
DA:21,0
DA:23,0
DA:27,0
DA:29,0
DA:33,0
DA:36,0
DA:47,0
DA:57,0
DA:79,0
DA:80,0
DA:82,0
DA:83,0
DA:84,0
DA:85,0
DA:86,0
DA:87,0
DA:88,0
DA:90,0
DA:91,0
DA:95,0
DA:97,0
DA:103,0
DA:109,0
DA:115,0
DA:132,0
DA:133,0
DA:134,0
DA:135,0
DA:137,0
DA:138,0
DA:139,0
DA:142,0
DA:144,0
DA:145,0
DA:146,0
DA:147,0
DA:149,0
DA:150,0
DA:151,0
DA:152,0
DA:153,0
DA:154,0
DA:156,0
DA:157,0
DA:161,0
DA:163,0
DA:174,0
DA:189,0
DA:191,0
DA:192,0
DA:199,0
LF:58
LH:0
BRDA:27,0,0,0
BRDA:27,0,1,0
BRDA:28,1,0,0
BRDA:28,1,1,0
BRDA:41,2,0,0
BRDA:41,2,1,0
BRDA:42,3,0,0
BRDA:42,3,1,0
BRDA:42,4,0,0
BRDA:42,4,1,0
BRDA:55,5,0,0
BRDA:55,5,1,0
BRDA:68,6,0,0
BRDA:68,6,1,0
BRDA:85,7,0,0
BRDA:85,7,1,0
BRDA:85,8,0,0
BRDA:85,8,1,0
BRDA:90,9,0,0
BRDA:90,9,1,0
BRDA:91,10,0,0
BRDA:91,10,1,0
BRDA:109,11,0,0
BRDA:109,11,1,0
BRDA:115,12,0,0
BRDA:115,12,1,0
BRDA:145,13,0,0
BRDA:145,13,1,0
BRDA:145,14,0,0
BRDA:145,14,1,0
BRDA:156,15,0,0
BRDA:156,15,1,0
BRDA:157,16,0,0
BRDA:157,16,1,0
BRDA:165,17,0,0
BRDA:165,17,1,0
BRDA:182,18,0,0
BRDA:182,18,1,0
BRDA:197,19,0,0
BRDA:197,19,1,0
BRDA:199,20,0,0
BRDA:199,20,1,0
BRF:42
BRH:0
end_of_record
TN:
SF:src/pages/PublicTracking.tsx
FN:16,TempoRelativo
FN:18,(anonymous_1)
FN:19,(anonymous_2)
FN:29,(anonymous_3)
FN:34,PublicTracking
FN:40,(anonymous_5)
FN:44,(anonymous_6)
FN:45,(anonymous_7)
FN:120,(anonymous_8)
FN:160,(anonymous_9)
FNF:10
FNH:0
FNDA:0,TempoRelativo
FNDA:0,(anonymous_1)
FNDA:0,(anonymous_2)
FNDA:0,(anonymous_3)
FNDA:0,PublicTracking
FNDA:0,(anonymous_5)
FNDA:0,(anonymous_6)
FNDA:0,(anonymous_7)
FNDA:0,(anonymous_8)
FNDA:0,(anonymous_9)
DA:7,0
DA:14,0
DA:17,0
DA:18,0
DA:19,0
DA:20,0
DA:21,0
DA:22,0
DA:23,0
DA:24,0
DA:25,0
DA:27,0
DA:28,0
DA:29,0
DA:31,0
DA:35,0
DA:36,0
DA:37,0
DA:38,0
DA:40,0
DA:41,0
DA:42,0
DA:44,0
DA:45,0
DA:48,0
DA:60,0
DA:73,0
DA:74,0
DA:76,0
DA:121,0
DA:122,0
DA:123,0
DA:161,0
LF:33
LH:0
BRDA:22,0,0,0
BRDA:22,0,1,0
BRDA:23,1,0,0
BRDA:23,1,1,0
BRDA:24,2,0,0
BRDA:24,2,1,0
BRDA:41,3,0,0
BRDA:41,3,1,0
BRDA:48,4,0,0
BRDA:48,4,1,0
BRDA:60,5,0,0
BRDA:60,5,1,0
BRDA:60,6,0,0
BRDA:60,6,1,0
BRDA:74,7,0,0
BRDA:74,7,1,0
BRDA:127,8,0,0
BRDA:127,8,1,0
BRDA:131,9,0,0
BRDA:131,9,1,0
BRDA:137,10,0,0
BRDA:137,10,1,0
BRDA:139,11,0,0
BRDA:139,11,1,0
BRDA:143,12,0,0
BRDA:143,12,1,0
BRDA:144,13,0,0
BRDA:144,13,1,0
BRDA:168,14,0,0
BRDA:168,14,1,0
BRDA:170,15,0,0
BRDA:170,15,1,0
BRDA:189,16,0,0
BRDA:189,16,1,0
BRDA:197,17,0,0
BRDA:197,17,1,0
BRF:36
BRH:0
end_of_record
TN:
SF:src/pages/admin/Configuracao.tsx
FN:18,Configuracao
FN:27,(anonymous_1)
FN:39,(anonymous_2)
FN:41,(anonymous_3)
FN:48,(anonymous_4)
FN:57,(anonymous_5)
FN:70,(anonymous_6)
FN:81,(anonymous_7)
FN:85,(anonymous_8)
FN:86,(anonymous_9)
FN:97,(anonymous_10)
FN:107,(anonymous_11)
FN:114,(anonymous_12)
FN:135,(anonymous_13)
FN:144,(anonymous_14)
FN:162,(anonymous_15)
FN:178,(anonymous_16)
FN:189,(anonymous_17)
FN:189,(anonymous_18)
FN:196,(anonymous_19)
FN:196,(anonymous_20)
FN:204,(anonymous_21)
FN:204,(anonymous_22)
FN:211,(anonymous_23)
FN:223,(anonymous_24)
FNF:25
FNH:0
FNDA:0,Configuracao
FNDA:0,(anonymous_1)
FNDA:0,(anonymous_2)
FNDA:0,(anonymous_3)
FNDA:0,(anonymous_4)
FNDA:0,(anonymous_5)
FNDA:0,(anonymous_6)
FNDA:0,(anonymous_7)
FNDA:0,(anonymous_8)
FNDA:0,(anonymous_9)
FNDA:0,(anonymous_10)
FNDA:0,(anonymous_11)
FNDA:0,(anonymous_12)
FNDA:0,(anonymous_13)
FNDA:0,(anonymous_14)
FNDA:0,(anonymous_15)
FNDA:0,(anonymous_16)
FNDA:0,(anonymous_17)
FNDA:0,(anonymous_18)
FNDA:0,(anonymous_19)
FNDA:0,(anonymous_20)
FNDA:0,(anonymous_21)
FNDA:0,(anonymous_22)
FNDA:0,(anonymous_23)
FNDA:0,(anonymous_24)
DA:7,0
DA:16,0
DA:19,0
DA:20,0
DA:21,0
DA:22,0
DA:23,0
DA:24,0
DA:25,0
DA:27,0
DA:28,0
DA:29,0
DA:30,0
DA:31,0
DA:33,0
DA:35,0
DA:39,0
DA:41,0
DA:42,0
DA:43,0
DA:44,0
DA:45,0
DA:46,0
DA:47,0
DA:48,0
DA:49,0
DA:51,0
DA:53,0
DA:57,0
DA:58,0
DA:59,0
DA:60,0
DA:61,0
DA:62,0
DA:63,0
DA:64,0
DA:66,0
DA:70,0
DA:71,0
DA:72,0
DA:73,0
DA:74,0
DA:75,0
DA:77,0
DA:81,0
DA:85,0
DA:86,0
DA:88,0
DA:98,0
DA:108,0
DA:115,0
DA:116,0
DA:135,0
DA:144,0
DA:162,0
DA:179,0
DA:189,0
DA:196,0
DA:204,0
DA:211,0
DA:223,0
LF:61
LH:0
BRDA:43,0,0,0
BRDA:43,0,1,0
BRDA:58,1,0,0
BRDA:58,1,1,0
BRDA:71,2,0,0
BRDA:71,2,1,0
BRDA:83,3,0,0
BRDA:83,3,1,0
BRDA:84,4,0,0
BRDA:84,4,1,0
BRDA:86,5,0,0
BRDA:86,5,1,0
BRDA:86,5,2,0
BRDA:95,6,0,0
BRDA:95,6,1,0
BRDA:116,7,0,0
BRDA:116,7,1,0
BRDA:127,8,0,0
BRDA:127,8,1,0
BRDA:172,9,0,0
BRDA:172,9,1,0
BRDA:185,10,0,0
BRDA:185,10,1,0
BRDA:185,11,0,0
BRDA:185,11,1,0
BRDA:193,12,0,0
BRDA:193,12,1,0
BRDA:209,13,0,0
BRDA:209,13,1,0
BRDA:215,14,0,0
BRDA:215,14,1,0
BRF:31
BRH:0
end_of_record
TN:
SF:src/pages/admin/Depoimentos.tsx
FN:17,Depoimentos
FN:24,(anonymous_1)
FN:37,(anonymous_2)
FN:39,(anonymous_3)
FN:52,(anonymous_4)
FN:65,(anonymous_5)
FN:105,(anonymous_6)
FN:108,(anonymous_7)
FN:128,(anonymous_8)
FN:144,(anonymous_9)
FN:168,(anonymous_10)
FN:204,(anonymous_11)
FN:212,(anonymous_12)
FN:224,(anonymous_13)
FN:236,(anonymous_14)
FN:246,(anonymous_15)
FNF:16
FNH:0
FNDA:0,Depoimentos
FNDA:0,(anonymous_1)
FNDA:0,(anonymous_2)
FNDA:0,(anonymous_3)
FNDA:0,(anonymous_4)
FNDA:0,(anonymous_5)
FNDA:0,(anonymous_6)
FNDA:0,(anonymous_7)
FNDA:0,(anonymous_8)
FNDA:0,(anonymous_9)
FNDA:0,(anonymous_10)
FNDA:0,(anonymous_11)
FNDA:0,(anonymous_12)
FNDA:0,(anonymous_13)
FNDA:0,(anonymous_14)
FNDA:0,(anonymous_15)
DA:9,0
DA:18,0
DA:19,0
DA:20,0
DA:21,0
DA:22,0
DA:24,0
DA:25,0
DA:26,0
DA:27,0
DA:28,0
DA:29,0
DA:31,0
DA:33,0
DA:37,0
DA:39,0
DA:40,0
DA:41,0
DA:42,0
DA:43,0
DA:44,0
DA:46,0
DA:48,0
DA:52,0
DA:53,0
DA:54,0
DA:55,0
DA:56,0
DA:57,0
DA:59,0
DA:61,0
DA:65,0
DA:66,0
DA:67,0
DA:68,0
DA:69,0
DA:70,0
DA:71,0
DA:73,0
DA:75,0
DA:79,0
DA:86,0
DA:106,0
DA:108,0
DA:129,0
DA:145,0
DA:146,0
DA:169,0
DA:204,0
DA:212,0
DA:224,0
DA:236,0
DA:246,0
LF:53
LH:0
BRDA:27,0,0,0
BRDA:27,0,1,0
BRDA:43,1,0,0
BRDA:43,1,1,0
BRDA:43,2,0,0
BRDA:43,2,1,0
BRDA:56,3,0,0
BRDA:56,3,1,0
BRDA:66,4,0,0
BRDA:66,4,1,0
BRDA:97,5,0,0
BRDA:97,5,1,0
BRDA:110,6,0,0
BRDA:110,6,1,0
BRDA:116,7,0,0
BRDA:116,7,1,0
BRDA:116,7,2,0
BRDA:126,8,0,0
BRDA:126,8,1,0
BRDA:136,9,0,0
BRDA:136,9,1,0
BRDA:139,10,0,0
BRDA:139,10,1,0
BRDA:145,11,0,0
BRDA:145,11,1,0
BRDA:150,12,0,0
BRDA:150,12,1,0
BRDA:151,13,0,0
BRDA:151,13,1,0
BRDA:166,14,0,0
BRDA:166,14,1,0
BRDA:171,15,0,0
BRDA:171,15,1,0
BRDA:179,16,0,0
BRDA:179,16,1,0
BRDA:201,17,0,0
BRDA:201,17,1,0
BRDA:221,18,0,0
BRDA:221,18,1,0
BRDA:227,19,0,0
BRDA:227,19,1,0
BRDA:231,20,0,0
BRDA:231,20,1,0
BRDA:233,21,0,0
BRDA:233,21,1,0
BRF:45
BRH:0
end_of_record
TN:
SF:src/services/db.ts
FN:37,constructor
FN:53,(anonymous_1)
FN:63,getCachedOrFetch
FN:85,invalidateCache
FN:86,(anonymous_4)
FN:89,invalidateAllCache
FN:90,(anonymous_6)
FN:90,(anonymous_7)
FNF:8
FNH:0
FNDA:0,constructor
FNDA:0,(anonymous_1)
FNDA:0,getCachedOrFetch
FNDA:0,invalidateCache
FNDA:0,(anonymous_4)
FNDA:0,invalidateAllCache
FNDA:0,(anonymous_6)
FNDA:0,(anonymous_7)
DA:38,0
DA:39,0
DA:51,0
DA:56,0
DA:61,0
DA:68,0
DA:69,0
DA:70,0
DA:71,0
DA:73,0
DA:74,0
DA:75,0
DA:77,0
DA:86,0
DA:90,0
LF:15
LH:0
BRDA:74,0,0,0
BRDA:74,0,1,0
BRF:2
BRH:0
end_of_record
TN:
SF:src/services/mutationQueue.ts
FN:6,constructor
FN:18,onPendingChange
FN:20,(anonymous_2)
FN:23,notifyListeners
FN:24,(anonymous_4)
FN:25,(anonymous_5)
FN:31,enfileirarMutacao
FN:47,processarFilaMutacoes
FN:97,obterFilaPendente
FN:103,registrarBackgroundSync
FN:120,inicializarSincronizacao
FN:125,(anonymous_11)
FN:133,(anonymous_12)
FN:143,(anonymous_13)
FN:154,sincronizarAgora
FNF:15
FNH:12
FNDA:2,constructor
FNDA:1,onPendingChange
FNDA:1,(anonymous_2)
FNDA:8,notifyListeners
FNDA:8,(anonymous_4)
FNDA:0,(anonymous_5)
FNDA:1,enfileirarMutacao
FNDA:6,processarFilaMutacoes
FNDA:2,obterFilaPendente
FNDA:2,registrarBackgroundSync
FNDA:3,inicializarSincronizacao
FNDA:0,(anonymous_11)
FNDA:0,(anonymous_12)
FNDA:1,(anonymous_13)
FNDA:2,sincronizarAgora
DA:7,2
DA:8,2
DA:16,1
DA:19,1
DA:20,1
DA:24,8
DA:25,8
DA:32,1
DA:37,1
DA:48,6
DA:49,6
DA:50,6
DA:51,6
DA:53,6
DA:55,6
DA:56,3
DA:58,1
DA:59,1
DA:60,1
DA:63,2
DA:64,2
DA:69,2
DA:70,1
DA:72,1
DA:73,1
DA:75,1
DA:76,1
DA:77,1
DA:82,1
DA:87,6
DA:88,1
DA:91,6
DA:92,6
DA:98,2
DA:104,2
DA:105,2
DA:107,2
DA:108,0
DA:109,0
DA:118,1
DA:121,3
DA:122,1
DA:125,1
DA:126,0
DA:127,0
DA:128,0
DA:133,1
DA:134,0
DA:135,0
DA:140,3
DA:143,3
DA:144,1
DA:145,1
DA:149,3
DA:155,2
DA:156,1
DA:158,1
DA:160,1
DA:161,1
LF:59
LH:52
BRDA:6,0,0,2
BRDA:48,1,0,6
BRDA:48,1,1,6
BRDA:56,2,0,1
BRDA:56,2,1,2
BRDA:67,3,0,2
BRDA:67,3,1,0
BRDA:69,4,0,1
BRDA:69,4,1,1
BRDA:76,5,0,1
BRDA:76,5,1,0
BRDA:87,6,0,1
BRDA:87,6,1,5
BRDA:87,7,0,6
BRDA:87,7,1,4
BRDA:107,8,0,0
BRDA:107,8,1,2
BRDA:121,9,0,2
BRDA:121,9,1,1
BRDA:127,10,0,0
BRDA:127,10,1,0
BRDA:134,11,0,0
BRDA:134,11,1,0
BRDA:144,12,0,1
BRDA:144,12,1,0
BRDA:144,13,0,1
BRDA:144,13,1,1
BRDA:155,14,0,1
BRDA:155,14,1,1
BRF:29
BRH:21
end_of_record
TN:
SF:src/services/offlineClient.ts
FN:15,listarIngredientesOffline
FN:16,(anonymous_1)
FN:19,criarIngredienteOffline
FN:25,atualizarIngredienteOffline
FN:31,desativarIngredienteOffline
FN:36,movimentarEstoqueOffline
FN:42,listarMovimentacoesOffline
FN:48,listarProdutosOffline
FN:49,(anonymous_8)
FN:54,listarVariacoesOffline
FN:56,(anonymous_10)
FN:59,obterReceitaOffline
FN:61,(anonymous_12)
FN:64,obterCustoOffline
FN:66,(anonymous_14)
FN:71,listarPedidosOffline
FN:72,(anonymous_16)
FN:75,obterPedidoDetalheOffline
FN:76,(anonymous_18)
FN:81,obterTrackingOffline
FN:82,(anonymous_20)
FN:87,obterDashboardHojeOffline
FN:88,(anonymous_22)
FN:93,listarComprasOffline
FN:94,(anonymous_24)
FN:97,obterResumoComprasOffline
FN:98,(anonymous_26)
FNF:27
FNH:16
FNDA:1,listarIngredientesOffline
FNDA:0,(anonymous_1)
FNDA:1,criarIngredienteOffline
FNDA:1,atualizarIngredienteOffline
FNDA:1,desativarIngredienteOffline
FNDA:1,movimentarEstoqueOffline
FNDA:2,listarMovimentacoesOffline
FNDA:1,listarProdutosOffline
FNDA:0,(anonymous_8)
FNDA:1,listarVariacoesOffline
FNDA:0,(anonymous_10)
FNDA:1,obterReceitaOffline
FNDA:0,(anonymous_12)
FNDA:1,obterCustoOffline
FNDA:0,(anonymous_14)
FNDA:1,listarPedidosOffline
FNDA:0,(anonymous_16)
FNDA:1,obterPedidoDetalheOffline
FNDA:0,(anonymous_18)
FNDA:1,obterTrackingOffline
FNDA:0,(anonymous_20)
FNDA:1,obterDashboardHojeOffline
FNDA:0,(anonymous_22)
FNDA:1,listarComprasOffline
FNDA:0,(anonymous_24)
FNDA:1,obterResumoComprasOffline
FNDA:0,(anonymous_26)
DA:16,1
DA:20,1
DA:21,1
DA:22,1
DA:26,1
DA:27,1
DA:28,1
DA:32,1
DA:33,1
DA:37,1
DA:38,1
DA:39,1
DA:43,2
DA:49,1
DA:55,1
DA:56,1
DA:60,1
DA:61,1
DA:65,1
DA:66,1
DA:72,1
DA:76,1
DA:82,1
DA:88,1
DA:94,1
DA:98,1
LF:26
LH:26
BRDA:42,0,0,2
BRF:1
BRH:1
end_of_record
TN:
SF:src/utils/csv.ts
FN:1,exportCSV
FN:4,(anonymous_1)
FN:4,(anonymous_2)
FNF:3
FNH:3
FNDA:6,exportCSV
FNDA:8,(anonymous_1)
FNDA:13,(anonymous_2)
DA:2,6
DA:4,13
DA:7,6
DA:8,6
DA:9,6
DA:10,6
DA:11,6
DA:12,6
DA:13,6
DA:14,6
LF:10
LH:10
BRF:0
BRH:0
end_of_record
TN:
SF:src/utils/errors.ts
FN:44,parseApiError
FN:92,constructor
FN:107,userMessage
FN:114,friendlyMessage
FN:130,tryCatch
FNF:5
FNH:5
FNDA:17,parseApiError
FNDA:10,constructor
FNDA:7,userMessage
FNDA:6,friendlyMessage
FNDA:5,tryCatch
DA:46,17
DA:47,6
DA:56,11
DA:57,5
DA:66,6
DA:67,3
DA:76,3
DA:99,10
DA:100,10
DA:101,10
DA:102,10
DA:103,10
DA:104,10
DA:108,7
DA:118,6
DA:120,6
DA:121,3
DA:123,3
DA:133,5
DA:134,5
DA:135,1
DA:137,4
LF:22
LH:22
BRDA:46,0,0,6
BRDA:46,0,1,11
BRDA:56,1,0,5
BRDA:56,1,1,6
BRDA:58,2,0,5
BRDA:58,2,1,1
BRDA:66,3,0,3
BRDA:66,3,1,3
BRDA:95,4,0,10
BRDA:96,5,0,10
BRDA:97,6,0,10
BRDA:116,7,0,6
BRDA:120,8,0,3
BRDA:120,8,1,3
BRDA:120,9,0,6
BRDA:120,9,1,5
BRF:16
BRH:16
end_of_record
TN:
SF:src/utils/pedido.ts
FN:30,getStatusLabel
FN:34,getStatusColor
FN:38,getStatusColorSimple
FN:42,getStatusEmoji
FN:53,getStatusStepLabel
FN:63,getStatusGradient
FNF:6
FNH:6
FNDA:3,getStatusLabel
FNDA:2,getStatusColor
FNDA:2,getStatusColorSimple
FNDA:6,getStatusEmoji
FNDA:5,getStatusStepLabel
FNDA:5,getStatusGradient
DA:3,1
DA:6,1
DA:14,1
DA:22,1
DA:31,3
DA:35,2
DA:39,2
DA:43,6
DA:50,6
DA:54,5
DA:60,5
DA:64,5
DA:70,5
LF:13
LH:13
BRDA:31,0,0,3
BRDA:31,0,1,1
BRDA:35,1,0,2
BRDA:35,1,1,1
BRDA:39,2,0,2
BRDA:39,2,1,1
BRDA:50,3,0,6
BRDA:50,3,1,1
BRDA:60,4,0,5
BRDA:60,4,1,1
BRDA:70,5,0,5
BRDA:70,5,1,1
BRF:12
BRH:12
end_of_record
TN:
SF:src/utils/whatsapp.ts
FN:8,gerarLinkWhatsApp
FN:27,mensagemStatusPedido
FN:63,mensagemNovoPedido
FNF:3
FNH:3
FNDA:5,gerarLinkWhatsApp
FNDA:3,mensagemStatusPedido
FNDA:1,mensagemNovoPedido
DA:9,5
DA:12,4
DA:13,4
DA:16,4
DA:18,5
DA:19,5
DA:34,3
DA:41,3
DA:42,3
DA:44,3
DA:48,3
DA:68,1
LF:12
LH:12
BRDA:9,0,0,1
BRDA:9,0,1,4
BRDA:13,1,0,0
BRDA:13,1,1,4
BRDA:16,2,0,1
BRDA:16,2,1,3
BRDA:41,3,0,3
BRDA:41,3,1,0
BRDA:44,4,0,2
BRDA:44,4,1,1
BRF:10
BRH:8
end_of_record
